{"/Users/hrberto/Workspace/www/labs/generator-creact-app/generators/app/files.js": {"path":"/Users/hrberto/Workspace/www/labs/generator-creact-app/generators/app/files.js","statementMap":{"0":{"start":{"line":1,"column":0},"end":{"line":66,"column":2}}},"fnMap":{},"branchMap":{},"s":{"0":1},"f":{},"b":{},"_coverageSchema":"332fd63041d2c1bcb487cc26dd0d5f7d97098a6c","hash":"a82778c94df4df87078105a0111df6b306c7c5ac"}
,"/Users/hrberto/Workspace/www/labs/generator-creact-app/generators/app/index.js": {"path":"/Users/hrberto/Workspace/www/labs/generator-creact-app/generators/app/index.js","statementMap":{"0":{"start":{"line":1,"column":18},"end":{"line":1,"column":45}},"1":{"start":{"line":2,"column":14},"end":{"line":2,"column":30}},"2":{"start":{"line":3,"column":14},"end":{"line":3,"column":30}},"3":{"start":{"line":5,"column":14},"end":{"line":5,"column":32}},"4":{"start":{"line":7,"column":0},"end":{"line":106,"column":2}},"5":{"start":{"line":9,"column":4},"end":{"line":9,"column":91}},"6":{"start":{"line":10,"column":4},"end":{"line":10,"column":15}},"7":{"start":{"line":11,"column":4},"end":{"line":11,"column":53}},"8":{"start":{"line":12,"column":4},"end":{"line":12,"column":15}},"9":{"start":{"line":16,"column":17},"end":{"line":16,"column":29}},"10":{"start":{"line":18,"column":20},"end":{"line":49,"column":5}},"11":{"start":{"line":51,"column":4},"end":{"line":54,"column":7}},"12":{"start":{"line":52,"column":6},"end":{"line":52,"column":25}},"13":{"start":{"line":53,"column":6},"end":{"line":53,"column":13}},"14":{"start":{"line":58,"column":4},"end":{"line":58,"column":15}},"15":{"start":{"line":59,"column":4},"end":{"line":59,"column":45}},"16":{"start":{"line":60,"column":4},"end":{"line":60,"column":15}},"17":{"start":{"line":68,"column":8},"end":{"line":68,"column":18}},"18":{"start":{"line":70,"column":22},"end":{"line":77,"column":5}},"19":{"start":{"line":79,"column":4},"end":{"line":85,"column":7}},"20":{"start":{"line":80,"column":6},"end":{"line":84,"column":8}},"21":{"start":{"line":89,"column":4},"end":{"line":89,"column":15}},"22":{"start":{"line":90,"column":4},"end":{"line":90,"column":46}},"23":{"start":{"line":91,"column":4},"end":{"line":91,"column":15}},"24":{"start":{"line":94,"column":4},"end":{"line":98,"column":7}},"25":{"start":{"line":102,"column":4},"end":{"line":102,"column":15}},"26":{"start":{"line":103,"column":4},"end":{"line":103,"column":75}},"27":{"start":{"line":104,"column":4},"end":{"line":104,"column":15}}},"fnMap":{"0":{"name":"(anonymous_0)","decl":{"start":{"line":8,"column":2},"end":{"line":8,"column":3}},"loc":{"start":{"line":8,"column":17},"end":{"line":13,"column":3}},"line":8},"1":{"name":"(anonymous_1)","decl":{"start":{"line":15,"column":2},"end":{"line":15,"column":3}},"loc":{"start":{"line":15,"column":14},"end":{"line":55,"column":3}},"line":15},"2":{"name":"(anonymous_2)","decl":{"start":{"line":51,"column":30},"end":{"line":51,"column":31}},"loc":{"start":{"line":51,"column":41},"end":{"line":54,"column":5}},"line":51},"3":{"name":"(anonymous_3)","decl":{"start":{"line":57,"column":2},"end":{"line":57,"column":3}},"loc":{"start":{"line":57,"column":12},"end":{"line":86,"column":3}},"line":57},"4":{"name":"(anonymous_4)","decl":{"start":{"line":79,"column":18},"end":{"line":79,"column":19}},"loc":{"start":{"line":79,"column":28},"end":{"line":85,"column":5}},"line":79},"5":{"name":"(anonymous_5)","decl":{"start":{"line":88,"column":2},"end":{"line":88,"column":3}},"loc":{"start":{"line":88,"column":12},"end":{"line":99,"column":3}},"line":88},"6":{"name":"(anonymous_6)","decl":{"start":{"line":101,"column":2},"end":{"line":101,"column":3}},"loc":{"start":{"line":101,"column":8},"end":{"line":105,"column":3}},"line":101}},"branchMap":{},"s":{"0":1,"1":1,"2":1,"3":1,"4":1,"5":1,"6":1,"7":1,"8":1,"9":1,"10":1,"11":1,"12":1,"13":1,"14":1,"15":1,"16":1,"17":1,"18":1,"19":1,"20":16,"21":1,"22":1,"23":1,"24":1,"25":1,"26":1,"27":1},"f":{"0":1,"1":1,"2":1,"3":1,"4":16,"5":1,"6":1},"b":{},"_coverageSchema":"332fd63041d2c1bcb487cc26dd0d5f7d97098a6c","hash":"bfe3f9dd739ee624ea4f889116308b5792865976"}
}
