TN:
SF:/Users/hrberto/Workspace/www/labs/generator-creact-app/generators/app/files.js
FNF:0
FNH:0
DA:1,1
LF:1
LH:1
BRF:0
BRH:0
end_of_record
TN:
SF:/Users/hrberto/Workspace/www/labs/generator-creact-app/generators/app/index.js
FN:8,(anonymous_0)
FN:15,(anonymous_1)
FN:51,(anonymous_2)
FN:57,(anonymous_3)
FN:79,(anonymous_4)
FN:88,(anonymous_5)
FN:101,(anonymous_6)
FNF:7
FNH:7
FNDA:1,(anonymous_0)
FNDA:1,(anonymous_1)
FNDA:1,(anonymous_2)
FNDA:1,(anonymous_3)
FNDA:16,(anonymous_4)
FNDA:1,(anonymous_5)
FNDA:1,(anonymous_6)
DA:1,1
DA:2,1
DA:3,1
DA:5,1
DA:7,1
DA:9,1
DA:10,1
DA:11,1
DA:12,1
DA:16,1
DA:18,1
DA:51,1
DA:52,1
DA:53,1
DA:58,1
DA:59,1
DA:60,1
DA:68,1
DA:70,1
DA:79,1
DA:80,16
DA:89,1
DA:90,1
DA:91,1
DA:94,1
DA:102,1
DA:103,1
DA:104,1
LF:28
LH:28
BRF:0
BRH:0
end_of_record
